Unity Editor version:    2022.3.22f1 (887be4894c44)
Branch:                  2022.3/staging
Build type:              Release
Batch mode:              YES
macOS version:           Version 14.3.1 (Build 23D60)
Darwin version:          23.3.0
Architecture:            x86_64
Running under Rosetta:   NO
Available memory:        24576 MB
Using pre-set license
Pro License: YES

COMMAND LINE ARGUMENTS:
/Applications/Unity/Hub/Editor/2022.3.22f1/Unity.app/Contents/MacOS/Unity
-adb2
-batchMode
-noUpm
-name
AssetImportWorker0
-projectPath
/Users/jack/Desktop/Fly Rex
-logFile
Logs/AssetImportWorker0.log
-srvPort
51519
Successfully changed project path to: /Users/jack/Desktop/Fly Rex
/Users/jack/Desktop/Fly Rex
[UnityMemory] Configuration Parameters - Can be set up in boot.config
    "memorysetup-bucket-allocator-granularity=16"
    "memorysetup-bucket-allocator-bucket-count=8"
    "memorysetup-bucket-allocator-block-size=33554432"
    "memorysetup-bucket-allocator-block-count=8"
    "memorysetup-main-allocator-block-size=16777216"
    "memorysetup-thread-allocator-block-size=16777216"
    "memorysetup-gfx-main-allocator-block-size=16777216"
    "memorysetup-gfx-thread-allocator-block-size=16777216"
    "memorysetup-cache-allocator-block-size=4194304"
    "memorysetup-typetree-allocator-block-size=2097152"
    "memorysetup-profiler-bucket-allocator-granularity=16"
    "memorysetup-profiler-bucket-allocator-bucket-count=8"
    "memorysetup-profiler-bucket-allocator-block-size=33554432"
    "memorysetup-profiler-bucket-allocator-block-count=8"
    "memorysetup-profiler-allocator-block-size=16777216"
    "memorysetup-profiler-editor-allocator-block-size=1048576"
    "memorysetup-temp-allocator-size-main=16777216"
    "memorysetup-job-temp-allocator-block-size=2097152"
    "memorysetup-job-temp-allocator-block-size-background=1048576"
    "memorysetup-job-temp-allocator-reduction-small-platforms=262144"
    "memorysetup-allocator-temp-initial-block-size-main=262144"
    "memorysetup-allocator-temp-initial-block-size-worker=262144"
    "memorysetup-temp-allocator-size-background-worker=32768"
    "memorysetup-temp-allocator-size-job-worker=262144"
    "memorysetup-temp-allocator-size-preload-manager=33554432"
    "memorysetup-temp-allocator-size-nav-mesh-worker=65536"
    "memorysetup-temp-allocator-size-audio-worker=65536"
    "memorysetup-temp-allocator-size-cloud-worker=32768"
    "memorysetup-temp-allocator-size-gi-baking-worker=262144"
    "memorysetup-temp-allocator-size-gfx=262144"
Player connection [140704280963008] Host "[IP] 192.168.31.224 [Port] 0 [Flags] 2 [Guid] 1467519673 [EditorId] 1467519673 [Version] 1048832 [Id] OSXEditor(0,Jakirs-iMac) [Debug] 1 [PackageName] OSXEditor [ProjectName] Editor" joined multi-casting on [225.0.0.222:54997]...

Player connection [140704280963008] Host "[IP] 192.168.31.224 [Port] 0 [Flags] 2 [Guid] 1467519673 [EditorId] 1467519673 [Version] 1048832 [Id] OSXEditor(0,Jakirs-iMac) [Debug] 1 [PackageName] OSXEditor [ProjectName] Editor" joined alternative multi-casting on [225.0.0.222:34997]...

[Physics::Module] Initialized MultithreadedJobDispatcher with 5 workers.
Refreshing native plugins compatible for Editor in 2.13 ms, found 2 plugins.
Preloading 0 native plugins for Editor in 0.00 ms.
Initialize engine version: 2022.3.22f1 (887be4894c44)
[Subsystems] Discovering subsystems at path /Applications/Unity/Hub/Editor/2022.3.22f1/Unity.app/Contents/Resources/UnitySubsystems
[Subsystems] Discovering subsystems at path /Users/jack/Desktop/Fly Rex/Assets
GfxDevice: creating device client; threaded=0; jobified=0
iMac preferred device: AMD Radeon Pro 570X (high power)
Metal devices available: 1
0: AMD Radeon Pro 570X (high power)
Using device AMD Radeon Pro 570X (high power)
Initializing Metal device caps: AMD Radeon Pro 570X
Invalid texture used for cursor - check importer settings or texture creation. Texture must be RGBA32, readable, have alphaIsTransparency enabled and have no mip chain.
Initialize mono
Mono path[0] = '/Applications/Unity/Hub/Editor/2022.3.22f1/Unity.app/Contents/Managed'
Mono path[1] = '/Applications/Unity/Hub/Editor/2022.3.22f1/Unity.app/Contents/MonoBleedingEdge/lib/mono/unityjit-macos'
Mono config path = '/Applications/Unity/Hub/Editor/2022.3.22f1/Unity.app/Contents/MonoBleedingEdge/etc'
Using monoOptions --debugger-agent=transport=dt_socket,embedding=1,server=y,suspend=n,address=127.0.0.1:56150
Begin MonoManager ReloadAssembly
Registering precompiled unity dll's ...
Register platform support module: /Applications/Unity/Hub/Editor/2022.3.22f1/PlaybackEngines/WebGLSupport/UnityEditor.WebGL.Extensions.dll
Register platform support module: /Applications/Unity/Hub/Editor/2022.3.22f1/Unity.app/Contents/PlaybackEngines/MacStandaloneSupport/UnityEditor.OSXStandalone.Extensions.dll
Registered in 0.001949 seconds.
- Loaded All Assemblies, in  0.404 seconds
Native extension for OSXStandalone target not found
Native extension for WebGL target not found
Mono: successfully reloaded assembly
- Finished resetting the current domain, in  0.314 seconds
Domain Reload Profiling: 719ms
	BeginReloadAssembly (100ms)
		ExecutionOrderSort (0ms)
		DisableScriptedObjects (0ms)
		BackupInstance (0ms)
		ReleaseScriptingObjects (0ms)
		CreateAndSetChildDomain (1ms)
	RebuildCommonClasses (46ms)
	RebuildNativeTypeToScriptingClass (14ms)
	initialDomainReloadingComplete (57ms)
	LoadAllAssembliesAndSetupDomain (186ms)
		LoadAssemblies (100ms)
		RebuildTransferFunctionScriptingTraits (0ms)
		AnalyzeDomain (184ms)
			TypeCache.Refresh (182ms)
				TypeCache.ScanAssembly (167ms)
			ScanForSourceGeneratedMonoScriptInfo (0ms)
			ResolveRequiredComponents (1ms)
	FinalizeReload (315ms)
		ReleaseScriptCaches (0ms)
		RebuildScriptCaches (0ms)
		SetupLoadedEditorAssemblies (243ms)
			LogAssemblyErrors (0ms)
			InitializePlatformSupportModulesInManaged (9ms)
			SetLoadedEditorAssemblies (6ms)
			RefreshPlugins (0ms)
			BeforeProcessingInitializeOnLoad (2ms)
			ProcessInitializeOnLoadAttributes (174ms)
			ProcessInitializeOnLoadMethodAttributes (51ms)
			AfterProcessingInitializeOnLoad (0ms)
			EditorAssembliesLoaded (0ms)
		ExecutionOrderSort2 (0ms)
		AwakeInstancesAfterBackupRestoration (0ms)
========================================================================
Worker process is ready to serve import requests
Begin MonoManager ReloadAssembly
- Loaded All Assemblies, in  0.519 seconds
Refreshing native plugins compatible for Editor in 0.70 ms, found 2 plugins.
Native extension for OSXStandalone target not found
Native extension for WebGL target not found
Package Manager log level set to [2]
[Package Manager] Server::EnsureServerProcessIsRunning -- launch failed, reason: Unity was launched with the -noUpm command-line argument
[Package Manager] UpmClient::Send -- Unable to send message (not connected to UPM process).
[Package Manager] Cannot connect to Unity Package Manager local server
Mono: successfully reloaded assembly
- Finished resetting the current domain, in  0.620 seconds
Domain Reload Profiling: 1140ms
	BeginReloadAssembly (151ms)
		ExecutionOrderSort (0ms)
		DisableScriptedObjects (6ms)
		BackupInstance (0ms)
		ReleaseScriptingObjects (0ms)
		CreateAndSetChildDomain (30ms)
	RebuildCommonClasses (45ms)
	RebuildNativeTypeToScriptingClass (14ms)
	initialDomainReloadingComplete (43ms)
	LoadAllAssembliesAndSetupDomain (267ms)
		LoadAssemblies (226ms)
		RebuildTransferFunctionScriptingTraits (0ms)
		AnalyzeDomain (117ms)
			TypeCache.Refresh (103ms)
				TypeCache.ScanAssembly (90ms)
			ScanForSourceGeneratedMonoScriptInfo (9ms)
			ResolveRequiredComponents (3ms)
	FinalizeReload (621ms)
		ReleaseScriptCaches (0ms)
		RebuildScriptCaches (0ms)
		SetupLoadedEditorAssemblies (449ms)
			LogAssemblyErrors (0ms)
			InitializePlatformSupportModulesInManaged (6ms)
			SetLoadedEditorAssemblies (3ms)
			RefreshPlugins (0ms)
			BeforeProcessingInitializeOnLoad (41ms)
			ProcessInitializeOnLoadAttributes (368ms)
			ProcessInitializeOnLoadMethodAttributes (30ms)
			AfterProcessingInitializeOnLoad (1ms)
			EditorAssembliesLoaded (0ms)
		ExecutionOrderSort2 (0ms)
		AwakeInstancesAfterBackupRestoration (5ms)
Launching external process: /Applications/Unity/Hub/Editor/2022.3.22f1/Unity.app/Contents/Tools/UnityShaderCompiler
Launched and connected shader compiler UnityShaderCompiler after 0.08 seconds
Refreshing native plugins compatible for Editor in 0.66 ms, found 2 plugins.
Preloading 0 native plugins for Editor in 0.00 ms.
Unloading 1544 Unused Serialized files (Serialized files now loaded: 0)
Unloading 29 unused Assets / (39.9 KB). Loaded Objects now: 2015.
Memory consumption went from 90.4 MB to 90.3 MB.
Total: 3.249106 ms (FindLiveObjects: 0.138158 ms CreateObjectMapping: 0.068475 ms MarkObjects: 2.938011 ms  DeleteObjects: 0.103358 ms)

AssetImportParameters requested are different than current active one (requested -> active):
  custom:video-decoder-webm-vp8: 9c59270c3fd7afecdb556c50c9e8de78 -> 
  custom:SearchIndexIgnoredProperties: e643bd26f0fe6173181afceb89e7c659 -> 
  custom:container-demuxer-ogg: 62fdf1f143b41e24485cea50d1cbac27 -> 
  custom:AudioImporter_EditorPlatform: 3918e3fc78b5a79bad01e8451be0beb8 -> 
  custom:video-decoder-ogg-theora: a1e56fd34408186e4bbccfd4996cb3dc -> 
  custom:framework-osx-AVFoundation: e770b220cccbd017edd2c1fefb359320 -> 
  custom:video-encoder-webm-vp8: eb34c28f22e8b96e1ab97ce403110664 -> 
  custom:audio-decoder-ogg-vorbis: bf7c407c2cedff20999df2af8eb42d56 -> 
  custom:CustomObjectIndexerAttribute: 9a22284fe3817be447336de3de66b15e -> 
  custom:container-demuxer-webm: 4f35f7cbe854078d1ac9338744f61a02 -> 
  custom:audio-encoder-webm-vorbis: bf7c407c2cedff20999df2af8eb42d56 -> 
  custom:container-muxer-webm: aa71ff27fc2769a1b78a27578f13a17b -> 
========================================================================
Received Import Request.
  Time since last request: 414596.909398 seconds.
  path: Assets/images/bat.prefab
  artifactKey: Guid(a1587b9f42eb14025b20f1dac9a47c67) Importer(815301076,1909f56bfc062723c751e8b465ee728b)
Start importing Assets/images/bat.prefab using Guid(a1587b9f42eb14025b20f1dac9a47c67) Importer(815301076,1909f56bfc062723c751e8b465ee728b)  -> (artifact id: '72434241bb8423f5e0408ead7bc439c4') in 0.142389 seconds
Number of updated asset objects reloaded before import = 0
Number of asset objects unloaded after import = 55
========================================================================
Received Import Request.
  Time since last request: 0.000080 seconds.
  path: Assets/images/__Bat02_Fly_007.png
  artifactKey: Guid(9c9becf1a9344409fbbfd6e6eaf2add9) Importer(815301076,1909f56bfc062723c751e8b465ee728b)
Start importing Assets/images/__Bat02_Fly_007.png using Guid(9c9becf1a9344409fbbfd6e6eaf2add9) Importer(815301076,1909f56bfc062723c751e8b465ee728b)  -> (artifact id: '7e0fb2863af52a0ef4b71f88a986a612') in 0.045079 seconds
Number of updated asset objects reloaded before import = 0
Number of asset objects unloaded after import = 3
========================================================================
Received Import Request.
  Time since last request: 0.000057 seconds.
  path: Assets/images/__Bat02_Fly_002.png
  artifactKey: Guid(4aa6ccc02d0794b83ace3bb29d2f2cf4) Importer(815301076,1909f56bfc062723c751e8b465ee728b)
Start importing Assets/images/__Bat02_Fly_002.png using Guid(4aa6ccc02d0794b83ace3bb29d2f2cf4) Importer(815301076,1909f56bfc062723c751e8b465ee728b)  -> (artifact id: '9288e816505ced3ad96a8e879c1a20a9') in 0.008146 seconds
Number of updated asset objects reloaded before import = 0
Number of asset objects unloaded after import = 3
========================================================================
Received Import Request.
  Time since last request: 0.000059 seconds.
  path: Assets/images/__Bat02_Fly_000.png
  artifactKey: Guid(0f99736ad9e894478ad9cd190da7c144) Importer(815301076,1909f56bfc062723c751e8b465ee728b)
Start importing Assets/images/__Bat02_Fly_000.png using Guid(0f99736ad9e894478ad9cd190da7c144) Importer(815301076,1909f56bfc062723c751e8b465ee728b)  -> (artifact id: 'd742a7797ce8b99ba3f1fed7d7b749ea') in 0.008866 seconds
Number of updated asset objects reloaded before import = 0
Number of asset objects unloaded after import = 3
========================================================================
Received Import Request.
  Time since last request: 0.000069 seconds.
  path: Assets/images/flying_dragon-red.png
  artifactKey: Guid(44e4d2c36ec19483092014683ea85c75) Importer(815301076,1909f56bfc062723c751e8b465ee728b)
Start importing Assets/images/flying_dragon-red.png using Guid(44e4d2c36ec19483092014683ea85c75) Importer(815301076,1909f56bfc062723c751e8b465ee728b)  -> (artifact id: 'a3aef4d7d708209efed0a551d757a8c9') in 0.014334 seconds
Number of updated asset objects reloaded before import = 0
Number of asset objects unloaded after import = 5
========================================================================
Received Import Request.
  Time since last request: 0.000083 seconds.
  path: Assets/images/red.png
  artifactKey: Guid(5fb66389d72c74a8f92e2cea91276b2b) Importer(815301076,1909f56bfc062723c751e8b465ee728b)
Start importing Assets/images/red.png using Guid(5fb66389d72c74a8f92e2cea91276b2b) Importer(815301076,1909f56bfc062723c751e8b465ee728b)  -> (artifact id: '6bcd0a985b20748eff772cf6f8961aa2') in 0.009583 seconds
Number of updated asset objects reloaded before import = 0
Number of asset objects unloaded after import = 3
========================================================================
Received Import Request.
  Time since last request: 0.000055 seconds.
  path: Assets/images/Metal Clang-SoundBible.com-1363525732.mp3
  artifactKey: Guid(4959ae4f7d54b4ca3b336adc47eb650b) Importer(815301076,1909f56bfc062723c751e8b465ee728b)
Start importing Assets/images/Metal Clang-SoundBible.com-1363525732.mp3 using Guid(4959ae4f7d54b4ca3b336adc47eb650b) Importer(815301076,1909f56bfc062723c751e8b465ee728b)  -> (artifact id: '3f4281261b22da24e419a50ab8f4eb97') in 0.099373 seconds
Number of updated asset objects reloaded before import = 0
Number of asset objects unloaded after import = 2
========================================================================
Received Import Request.
  Time since last request: 0.000062 seconds.
  path: Assets/images/flyrex ios.png
  artifactKey: Guid(f0b5b9624f4c64e4ea9e4197359babfc) Importer(815301076,1909f56bfc062723c751e8b465ee728b)
Start importing Assets/images/flyrex ios.png using Guid(f0b5b9624f4c64e4ea9e4197359babfc) Importer(815301076,1909f56bfc062723c751e8b465ee728b)  -> (artifact id: '871d24d736092d3fffb2d7c269cf33d6') in 0.011318 seconds
Number of updated asset objects reloaded before import = 0
Number of asset objects unloaded after import = 2
========================================================================
Received Import Request.
  Time since last request: 0.000061 seconds.
  path: Assets/images/sky1.png
  artifactKey: Guid(bdbbe5675ea7e43c284256ca7e55045d) Importer(815301076,1909f56bfc062723c751e8b465ee728b)
Start importing Assets/images/sky1.png using Guid(bdbbe5675ea7e43c284256ca7e55045d) Importer(815301076,1909f56bfc062723c751e8b465ee728b)  -> (artifact id: 'fe09e93708dbc8ae51d99da4fb03508f') in 0.009290 seconds
Number of updated asset objects reloaded before import = 0
Number of asset objects unloaded after import = 3
========================================================================
Received Import Request.
  Time since last request: 0.000055 seconds.
  path: Assets/images/__Bat02_Fly_004.png
  artifactKey: Guid(64d951a67905d4198a51f904a99bde37) Importer(815301076,1909f56bfc062723c751e8b465ee728b)
Start importing Assets/images/__Bat02_Fly_004.png using Guid(64d951a67905d4198a51f904a99bde37) Importer(815301076,1909f56bfc062723c751e8b465ee728b)  -> (artifact id: '60ef8626ffedda642891f88cd47e04cb') in 0.010250 seconds
Number of updated asset objects reloaded before import = 0
Number of asset objects unloaded after import = 3
========================================================================
Received Import Request.
  Time since last request: 37.743047 seconds.
  path: Assets/Scripts/AddScore.cs
  artifactKey: Guid(fa36d5d825b354d2ea9e9672fed86568) Importer(815301076,1909f56bfc062723c751e8b465ee728b)
Start importing Assets/Scripts/AddScore.cs using Guid(fa36d5d825b354d2ea9e9672fed86568) Importer(815301076,1909f56bfc062723c751e8b465ee728b)  -> (artifact id: '674dcf157acafd9bc29f9fa22204bb60') in 0.000432 seconds
Number of updated asset objects reloaded before import = 0
Number of asset objects unloaded after import = 0
========================================================================
Received Import Request.
  Time since last request: 2.599629 seconds.
  path: Assets/Scripts/flyDragon.cs
  artifactKey: Guid(4c7db58d3a2454da18d301b4c5e2ffcc) Importer(815301076,1909f56bfc062723c751e8b465ee728b)
Start importing Assets/Scripts/flyDragon.cs using Guid(4c7db58d3a2454da18d301b4c5e2ffcc) Importer(815301076,1909f56bfc062723c751e8b465ee728b)  -> (artifact id: '0cc503771c7e1794eb38f9d6d6706bc0') in 0.000300 seconds
Number of updated asset objects reloaded before import = 0
Number of asset objects unloaded after import = 0
========================================================================
Received Import Request.
  Time since last request: 0.710040 seconds.
  path: Assets/Scripts/GameManager.cs
  artifactKey: Guid(6deb5b4da702e49f49505d2b32bd005b) Importer(815301076,1909f56bfc062723c751e8b465ee728b)
Start importing Assets/Scripts/GameManager.cs using Guid(6deb5b4da702e49f49505d2b32bd005b) Importer(815301076,1909f56bfc062723c751e8b465ee728b)  -> (artifact id: 'dc386f77fc15c16ce93a98cca1ea05a7') in 0.000303 seconds
Number of updated asset objects reloaded before import = 0
Number of asset objects unloaded after import = 0
========================================================================
Received Import Request.
  Time since last request: 3.346766 seconds.
  path: Assets/Scripts/highScore.cs
  artifactKey: Guid(0782eb40a737b4f7aa24b74be30a6dfa) Importer(815301076,1909f56bfc062723c751e8b465ee728b)
Start importing Assets/Scripts/highScore.cs using Guid(0782eb40a737b4f7aa24b74be30a6dfa) Importer(815301076,1909f56bfc062723c751e8b465ee728b)  -> (artifact id: 'd72e71a3ce17b499ae4ea83331c2f49b') in 0.000334 seconds
Number of updated asset objects reloaded before import = 0
Number of asset objects unloaded after import = 0
========================================================================
Received Import Request.
  Time since last request: 2.017277 seconds.
  path: Assets/Scripts/MainMenu.cs
  artifactKey: Guid(2c3a24b0ec5de4bc6a8c61efe2a38650) Importer(815301076,1909f56bfc062723c751e8b465ee728b)
Start importing Assets/Scripts/MainMenu.cs using Guid(2c3a24b0ec5de4bc6a8c61efe2a38650) Importer(815301076,1909f56bfc062723c751e8b465ee728b)  -> (artifact id: 'e6127a0477473164536ef42d68cc5ca5') in 0.000309 seconds
Number of updated asset objects reloaded before import = 0
Number of asset objects unloaded after import = 0
========================================================================
Received Import Request.
  Time since last request: 1.069569 seconds.
  path: Assets/Scripts/Move.cs
  artifactKey: Guid(0492ad7f380864843b1f9df6ff7e7b82) Importer(815301076,1909f56bfc062723c751e8b465ee728b)
Start importing Assets/Scripts/Move.cs using Guid(0492ad7f380864843b1f9df6ff7e7b82) Importer(815301076,1909f56bfc062723c751e8b465ee728b)  -> (artifact id: '88c83cff8d9daabcc86aeb0e7248045b') in 0.000302 seconds
Number of updated asset objects reloaded before import = 0
Number of asset objects unloaded after import = 0
========================================================================
Received Import Request.
  Time since last request: 0.712243 seconds.
  path: Assets/Scripts/Score.cs
  artifactKey: Guid(f0d4e1e39ef714c88a5439e3e4ae1a0a) Importer(815301076,1909f56bfc062723c751e8b465ee728b)
Start importing Assets/Scripts/Score.cs using Guid(f0d4e1e39ef714c88a5439e3e4ae1a0a) Importer(815301076,1909f56bfc062723c751e8b465ee728b)  -> (artifact id: '62a043873f6379e6104093b7d43efbee') in 0.000312 seconds
Number of updated asset objects reloaded before import = 0
Number of asset objects unloaded after import = 0
========================================================================
Received Import Request.
  Time since last request: 0.485746 seconds.
  path: Assets/Scripts/SoundManager.cs
  artifactKey: Guid(1588e30c3524b4b4094faddfdb6058c0) Importer(815301076,1909f56bfc062723c751e8b465ee728b)
Start importing Assets/Scripts/SoundManager.cs using Guid(1588e30c3524b4b4094faddfdb6058c0) Importer(815301076,1909f56bfc062723c751e8b465ee728b)  -> (artifact id: '5aaa2d75cee80aafbb60184d5e12aa14') in 0.000301 seconds
Number of updated asset objects reloaded before import = 0
Number of asset objects unloaded after import = 0
========================================================================
Received Prepare
Begin MonoManager ReloadAssembly
- Loaded All Assemblies, in  0.376 seconds
Refreshing native plugins compatible for Editor in 0.72 ms, found 2 plugins.
Native extension for OSXStandalone target not found
Native extension for WebGL target not found
[Package Manager] Server::EnsureServerProcessIsRunning -- launch failed, reason: Unity was launched with the -noUpm command-line argument
[Package Manager] UpmClient::Send -- Unable to send message (not connected to UPM process).
[Package Manager] Cannot connect to Unity Package Manager local server
Mono: successfully reloaded assembly
- Finished resetting the current domain, in  0.724 seconds
Domain Reload Profiling: 1100ms
	BeginReloadAssembly (183ms)
		ExecutionOrderSort (0ms)
		DisableScriptedObjects (7ms)
		BackupInstance (0ms)
		ReleaseScriptingObjects (0ms)
		CreateAndSetChildDomain (38ms)
	RebuildCommonClasses (44ms)
	RebuildNativeTypeToScriptingClass (14ms)
	initialDomainReloadingComplete (24ms)
	LoadAllAssembliesAndSetupDomain (111ms)
		LoadAssemblies (167ms)
		RebuildTransferFunctionScriptingTraits (0ms)
		AnalyzeDomain (9ms)
			TypeCache.Refresh (4ms)
				TypeCache.ScanAssembly (0ms)
			ScanForSourceGeneratedMonoScriptInfo (0ms)
			ResolveRequiredComponents (3ms)
	FinalizeReload (725ms)
		ReleaseScriptCaches (0ms)
		RebuildScriptCaches (0ms)
		SetupLoadedEditorAssemblies (440ms)
			LogAssemblyErrors (0ms)
			InitializePlatformSupportModulesInManaged (6ms)
			SetLoadedEditorAssemblies (3ms)
			RefreshPlugins (0ms)
			BeforeProcessingInitializeOnLoad (41ms)
			ProcessInitializeOnLoadAttributes (355ms)
			ProcessInitializeOnLoadMethodAttributes (34ms)
			AfterProcessingInitializeOnLoad (1ms)
			EditorAssembliesLoaded (0ms)
		ExecutionOrderSort2 (0ms)
		AwakeInstancesAfterBackupRestoration (6ms)
Refreshing native plugins compatible for Editor in 0.70 ms, found 2 plugins.
Preloading 0 native plugins for Editor in 0.00 ms.
Unloading 1537 Unused Serialized files (Serialized files now loaded: 0)
Unloading 20 unused Assets / (28.1 KB). Loaded Objects now: 2041.
Memory consumption went from 97.3 MB to 97.3 MB.
Total: 3.040268 ms (FindLiveObjects: 0.148636 ms CreateObjectMapping: 0.098421 ms MarkObjects: 2.756055 ms  DeleteObjects: 0.036352 ms)

Prepare: number of updated asset objects reloaded= 1
AssetImportParameters requested are different than current active one (requested -> active):
  custom:video-decoder-webm-vp8: 9c59270c3fd7afecdb556c50c9e8de78 -> 
  custom:SearchIndexIgnoredProperties: e643bd26f0fe6173181afceb89e7c659 -> 
  custom:container-demuxer-ogg: 62fdf1f143b41e24485cea50d1cbac27 -> 
  custom:AudioImporter_EditorPlatform: 3918e3fc78b5a79bad01e8451be0beb8 -> 
  custom:video-decoder-ogg-theora: a1e56fd34408186e4bbccfd4996cb3dc -> 
  custom:framework-osx-AVFoundation: e770b220cccbd017edd2c1fefb359320 -> 
  custom:video-encoder-webm-vp8: eb34c28f22e8b96e1ab97ce403110664 -> 
  custom:audio-decoder-ogg-vorbis: bf7c407c2cedff20999df2af8eb42d56 -> 
  custom:CustomObjectIndexerAttribute: 9a22284fe3817be447336de3de66b15e -> 
  custom:container-demuxer-webm: 4f35f7cbe854078d1ac9338744f61a02 -> 
  custom:audio-encoder-webm-vorbis: bf7c407c2cedff20999df2af8eb42d56 -> 
  custom:container-muxer-webm: aa71ff27fc2769a1b78a27578f13a17b -> 
